# JRE version: Java(TM) SE Runtime Environment (8.0_201-b09) (build 1.8.0_201-b09)
# Java VM: Java HotSpot(TM) 64-Bit Server VM (25.201-b09 mixed mode bsd-amd64 compressed oops)
Heap:
 PSYoungGen      total 221696K, used 162485K [0x0000000795580000, 0x00000007a4a80000, 0x00000007c0000000)
  eden space 207872K, 78% used [0x0000000795580000,0x000000079f40d488,0x00000007a2080000)
  from space 13824K, 0% used [0x00000007a3d00000,0x00000007a3d20000,0x00000007a4a80000)
  to   space 21504K, 0% used [0x00000007a2080000,0x00000007a2080000,0x00000007a3580000)
 ParOldGen       total 123904K, used 64553K [0x0000000740000000, 0x0000000747900000, 0x0000000795580000)
  object space 123904K, 52% used [0x0000000740000000,0x0000000743f0a538,0x0000000747900000)
 Metaspace       used 10729K, capacity 10978K, committed 11264K, reserved 1058816K
  class space    used 1126K, capacity 1220K, committed 1280K, reserved 1048576K
GC Heap History (10 events):
Event: 2.488 GC heap before
{Heap before GC invocations=5 (full 1):
 PSYoungGen      total 38400K, used 33376K [0x0000000795580000, 0x0000000799e80000, 0x00000007c0000000)
  eden space 33280K, 100% used [0x0000000795580000,0x0000000797600000,0x0000000797600000)
  from space 5120K, 1% used [0x0000000797600000,0x0000000797618000,0x0000000797b00000)
  to   space 5120K, 0% used [0x0000000799980000,0x0000000799980000,0x0000000799e80000)
 ParOldGen       total 123904K, used 64505K [0x0000000740000000, 0x0000000747900000, 0x0000000795580000)
  object space 123904K, 52% used [0x0000000740000000,0x0000000743efe538,0x0000000747900000)
 Metaspace       used 10361K, capacity 10626K, committed 11008K, reserved 1058816K
  class space    used 1103K, capacity 1188K, committed 1280K, reserved 1048576K
Event: 2.489 GC heap after
Heap after GC invocations=5 (full 1):
 PSYoungGen      total 68608K, used 64K [0x0000000795580000, 0x0000000799e00000, 0x00000007c0000000)
  eden space 64000K, 0% used [0x0000000795580000,0x0000000795580000,0x0000000799400000)
  from space 4608K, 1% used [0x0000000799980000,0x0000000799990000,0x0000000799e00000)
  to   space 5120K, 0% used [0x0000000799400000,0x0000000799400000,0x0000000799900000)
 ParOldGen       total 123904K, used 64505K [0x0000000740000000, 0x0000000747900000, 0x0000000795580000)
  object space 123904K, 52% used [0x0000000740000000,0x0000000743efe538,0x0000000747900000)
 Metaspace       used 10361K, capacity 10626K, committed 11008K, reserved 1058816K
  class space    used 1103K, capacity 1188K, committed 1280K, reserved 1048576K
}
Event: 14.873 GC heap before
{Heap before GC invocations=6 (full 1):
 PSYoungGen      total 68608K, used 64064K [0x0000000795580000, 0x0000000799e00000, 0x00000007c0000000)
  eden space 64000K, 100% used [0x0000000795580000,0x0000000799400000,0x0000000799400000)
  from space 4608K, 1% used [0x0000000799980000,0x0000000799990000,0x0000000799e00000)
  to   space 5120K, 0% used [0x0000000799400000,0x0000000799400000,0x0000000799900000)
 ParOldGen       total 123904K, used 64505K [0x0000000740000000, 0x0000000747900000, 0x0000000795580000)
  object space 123904K, 52% used [0x0000000740000000,0x0000000743efe538,0x0000000747900000)
 Metaspace       used 10682K, capacity 10882K, committed 11264K, reserved 1058816K
  class space    used 1124K, capacity 1188K, committed 1280K, reserved 1048576K
Event: 14.875 GC heap after
Heap after GC invocations=6 (full 1):
 PSYoungGen      total 69120K, used 128K [0x0000000795580000, 0x000000079fe80000, 0x00000007c0000000)
  eden space 64000K, 0% used [0x0000000795580000,0x0000000795580000,0x0000000799400000)
  from space 5120K, 2% used [0x0000000799400000,0x0000000799420000,0x0000000799900000)
  to   space 26112K, 0% used [0x000000079e500000,0x000000079e500000,0x000000079fe80000)
 ParOldGen       total 123904K, used 64513K [0x0000000740000000, 0x0000000747900000, 0x0000000795580000)
  object space 123904K, 52% used [0x0000000740000000,0x0000000743f00538,0x0000000747900000)
 Metaspace       used 10682K, capacity 10882K, committed 11264K, reserved 1058816K
  class space    used 1124K, capacity 1188K, committed 1280K, reserved 1048576K
}
Event: 30.540 GC heap before
{Heap before GC invocations=7 (full 1):
 PSYoungGen      total 69120K, used 64128K [0x0000000795580000, 0x000000079fe80000, 0x00000007c0000000)
  eden space 64000K, 100% used [0x0000000795580000,0x0000000799400000,0x0000000799400000)
  from space 5120K, 2% used [0x0000000799400000,0x0000000799420000,0x0000000799900000)
  to   space 26112K, 0% used [0x000000079e500000,0x000000079e500000,0x000000079fe80000)
 ParOldGen       total 123904K, used 64513K [0x0000000740000000, 0x0000000747900000, 0x0000000795580000)
  object space 123904K, 52% used [0x0000000740000000,0x0000000743f00538,0x0000000747900000)
 Metaspace       used 10687K, capacity 10882K, committed 11264K, reserved 1058816K
  class space    used 1124K, capacity 1188K, committed 1280K, reserved 1048576K
Event: 30.542 GC heap after
Heap after GC invocations=7 (full 1):
 PSYoungGen      total 138752K, used 128K [0x0000000795580000, 0x000000079f900000, 0x00000007c0000000)
  eden space 118272K, 0% used [0x0000000795580000,0x0000000795580000,0x000000079c900000)
  from space 20480K, 0% used [0x000000079e500000,0x000000079e520000,0x000000079f900000)
  to   space 24576K, 0% used [0x000000079c900000,0x000000079c900000,0x000000079e100000)
 ParOldGen       total 123904K, used 64521K [0x0000000740000000, 0x0000000747900000, 0x0000000795580000)
  object space 123904K, 52% used [0x0000000740000000,0x0000000743f02538,0x0000000747900000)
 Metaspace       used 10687K, capacity 10882K, committed 11264K, reserved 1058816K
  class space    used 1124K, capacity 1188K, committed 1280K, reserved 1048576K
}
Event: 55.939 GC heap before
{Heap before GC invocations=8 (full 1):
 PSYoungGen      total 138752K, used 118400K [0x0000000795580000, 0x000000079f900000, 0x00000007c0000000)
  eden space 118272K, 100% used [0x0000000795580000,0x000000079c900000,0x000000079c900000)
  from space 20480K, 0% used [0x000000079e500000,0x000000079e520000,0x000000079f900000)
  to   space 24576K, 0% used [0x000000079c900000,0x000000079c900000,0x000000079e100000)
 ParOldGen       total 123904K, used 64521K [0x0000000740000000, 0x0000000747900000, 0x0000000795580000)
  object space 123904K, 52% used [0x0000000740000000,0x0000000743f02538,0x0000000747900000)
 Metaspace       used 10689K, capacity 10946K, committed 11264K, reserved 1058816K
  class space    used 1124K, capacity 1188K, committed 1280K, reserved 1048576K
Event: 55.941 GC heap after
Heap after GC invocations=8 (full 1):
 PSYoungGen      total 142848K, used 96K [0x0000000795580000, 0x00000007a5380000, 0x00000007c0000000)
  eden space 118272K, 0% used [0x0000000795580000,0x0000000795580000,0x000000079c900000)
  from space 24576K, 0% used [0x000000079c900000,0x000000079c918000,0x000000079e100000)
  to   space 23040K, 0% used [0x00000007a3d00000,0x00000007a3d00000,0x00000007a5380000)
 ParOldGen       total 123904K, used 64529K [0x0000000740000000, 0x0000000747900000, 0x0000000795580000)
  object space 123904K, 52% used [0x0000000740000000,0x0000000743f04538,0x0000000747900000)
 Metaspace       used 10689K, capacity 10946K, committed 11264K, reserved 1058816K
  class space    used 1124K, capacity 1188K, committed 1280K, reserved 1048576K
}
Event: 78.923 GC heap before
{Heap before GC invocations=9 (full 1):
 PSYoungGen      total 142848K, used 118368K [0x0000000795580000, 0x00000007a5380000, 0x00000007c0000000)
  eden space 118272K, 100% used [0x0000000795580000,0x000000079c900000,0x000000079c900000)
  from space 24576K, 0% used [0x000000079c900000,0x000000079c918000,0x000000079e100000)
  to   space 23040K, 0% used [0x00000007a3d00000,0x00000007a3d00000,0x00000007a5380000)
 ParOldGen       total 123904K, used 64529K [0x0000000740000000, 0x0000000747900000, 0x0000000795580000)
  object space 123904K, 52% used [0x0000000740000000,0x0000000743f04538,0x0000000747900000)
 Metaspace       used 10689K, capacity 10946K, committed 11264K, reserved 1058816K
  class space    used 1124K, capacity 1188K, committed 1280K, reserved 1048576K
Event: 78.925 GC heap after
Heap after GC invocations=9 (full 1):
 PSYoungGen      total 221696K, used 128K [0x0000000795580000, 0x00000007a4a80000, 0x00000007c0000000)
  eden space 207872K, 0% used [0x0000000795580000,0x0000000795580000,0x00000007a2080000)
  from space 13824K, 0% used [0x00000007a3d00000,0x00000007a3d20000,0x00000007a4a80000)
  to   space 21504K, 0% used [0x00000007a2080000,0x00000007a2080000,0x00000007a3580000)
 ParOldGen       total 123904K, used 64553K [0x0000000740000000, 0x0000000747900000, 0x0000000795580000)
  object space 123904K, 52% used [0x0000000740000000,0x0000000743f0a538,0x0000000747900000)
 Metaspace       used 10689K, capacity 10946K, committed 11264K, reserved 1058816K
  class space    used 1124K, capacity 1188K, committed 1280K, reserved 1048576K
}

